ERROR:root:Error in /data/IRewarder.sol
ERROR:root:Traceback (most recent call last):
  File "/usr/local/lib/python3.6/dist-packages/slither_analyzer-0.6.1-py3.6.egg/slither/__main__.py", line 564, in main_impl
    (results, number_contracts) = process(filename, args, detector_classes, printer_classes)
  File "/usr/local/lib/python3.6/dist-packages/slither_analyzer-0.6.1-py3.6.egg/slither/__main__.py", line 53, in process
    triage_mode=args.triage_mode)
  File "/usr/local/lib/python3.6/dist-packages/slither_analyzer-0.6.1-py3.6.egg/slither/slither.py", line 58, in __init__
    self._analyze_contracts()
  File "/usr/local/lib/python3.6/dist-packages/slither_analyzer-0.6.1-py3.6.egg/slither/solc_parsing/slitherSolc.py", line 253, in _analyze_contracts
    self._analyze_third_part(contracts_to_be_analyzed, libraries)
  File "/usr/local/lib/python3.6/dist-packages/slither_analyzer-0.6.1-py3.6.egg/slither/solc_parsing/slitherSolc.py", line 332, in _analyze_third_part
    self._analyze_variables_modifiers_functions(contract)
  File "/usr/local/lib/python3.6/dist-packages/slither_analyzer-0.6.1-py3.6.egg/slither/solc_parsing/slitherSolc.py", line 367, in _analyze_variables_modifiers_functions
    contract.analyze_params_functions()
  File "/usr/local/lib/python3.6/dist-packages/slither_analyzer-0.6.1-py3.6.egg/slither/solc_parsing/declarations/contract.py", line 312, in analyze_params_functions
    function.analyze_params()
  File "/usr/local/lib/python3.6/dist-packages/slither_analyzer-0.6.1-py3.6.egg/slither/solc_parsing/declarations/function.py", line 182, in analyze_params
    self._parse_returns(returns)
  File "/usr/local/lib/python3.6/dist-packages/slither_analyzer-0.6.1-py3.6.egg/slither/solc_parsing/declarations/function.py", line 873, in _parse_returns
    local_var = LocalVariableSolc(ret)
  File "/usr/local/lib/python3.6/dist-packages/slither_analyzer-0.6.1-py3.6.egg/slither/solc_parsing/variables/variable_declaration.py", line 52, in __init__
    self._init_from_declaration(var, var['value'])
KeyError: 'value'