2022-07-08 09:33:23,525: [14] m.main:INFO: Registered plugins: DetectSuicidal, DetectReentrancySimple, DetectInvalid, DetectReentrancyAdvanced, DetectEnvInstruction, DetectUninitializedStorage, DetectUnusedRetVal, DetectExternalCallAndLeak, DetectUninitializedMemory, DetectDelegatecall, DetectIntegerOverflow
2022-07-08 09:33:23,525: [14] m.main:INFO: Beginning analysis
2022-07-08 09:33:23,535: [14] m.e.manticore:INFO: Starting symbolic create contract
2022-07-08 09:33:23,545: [14] m.e.manticore:ERROR: Errors : Invalid solc compilation Invalid option to --combined-json: compact-format

. Solidity failed to generate bytecode for your contract. Check if all the abstract functions are implemented. 
2022-07-08 09:33:23,618: [56] m.c.manticore:INFO: Generated testcase No. 0 - NO STATE RESULT (?)(0 txs)
2022-07-08 09:33:23,747: [14] m.c.manticore:INFO: Results in /mcore_p6a8ve60
2022-07-08 09:33:24,191: [315] m.main:INFO: Registered plugins: DetectReentrancySimple, DetectInvalid, DetectUnusedRetVal, DetectReentrancyAdvanced, DetectUninitializedStorage, DetectIntegerOverflow, DetectSuicidal, DetectExternalCallAndLeak, DetectEnvInstruction, DetectUninitializedMemory, DetectDelegatecall
2022-07-08 09:33:24,191: [315] m.main:INFO: Beginning analysis
2022-07-08 09:33:24,201: [315] m.e.manticore:INFO: Starting symbolic create contract
2022-07-08 09:33:24,211: [315] m.e.manticore:ERROR: Errors : Invalid solc compilation Invalid option to --combined-json: compact-format

. Solidity failed to generate bytecode for your contract. Check if all the abstract functions are implemented. 
2022-07-08 09:33:24,274: [357] m.c.manticore:INFO: Generated testcase No. 0 - NO STATE RESULT (?)(0 txs)
2022-07-08 09:33:24,406: [315] m.c.manticore:INFO: Results in /mcore_1v5x6x2p
2022-07-08 09:33:24,900: [616] m.main:INFO: Registered plugins: DetectDelegatecall, DetectIntegerOverflow, DetectReentrancySimple, DetectInvalid, DetectUnusedRetVal, DetectUninitializedStorage, DetectExternalCallAndLeak, DetectSuicidal, DetectEnvInstruction, DetectReentrancyAdvanced, DetectUninitializedMemory
2022-07-08 09:33:24,900: [616] m.main:INFO: Beginning analysis
2022-07-08 09:33:24,911: [616] m.e.manticore:INFO: Starting symbolic create contract
2022-07-08 09:33:24,921: [616] m.e.manticore:ERROR: Errors : Invalid solc compilation Invalid option to --combined-json: compact-format

. Solidity failed to generate bytecode for your contract. Check if all the abstract functions are implemented. 
2022-07-08 09:33:24,982: [658] m.c.manticore:INFO: Generated testcase No. 0 - NO STATE RESULT (?)(0 txs)
2022-07-08 09:33:25,122: [616] m.c.manticore:INFO: Results in /mcore_8yiynw4s
2022-07-08 09:33:25,606: [917] m.main:INFO: Registered plugins: DetectSuicidal, DetectReentrancySimple, DetectInvalid, DetectDelegatecall, DetectUnusedRetVal, DetectUninitializedMemory, DetectExternalCallAndLeak, DetectUninitializedStorage, DetectReentrancyAdvanced, DetectEnvInstruction, DetectIntegerOverflow
2022-07-08 09:33:25,606: [917] m.main:INFO: Beginning analysis
2022-07-08 09:33:25,616: [917] m.e.manticore:INFO: Starting symbolic create contract
2022-07-08 09:33:25,628: [917] m.e.manticore:ERROR: Errors : Invalid solc compilation Invalid option to --combined-json: compact-format

. Solidity failed to generate bytecode for your contract. Check if all the abstract functions are implemented. 
2022-07-08 09:33:25,706: [963] m.c.manticore:INFO: Generated testcase No. 0 - NO STATE RESULT (?)(0 txs)
2022-07-08 09:33:25,838: [917] m.c.manticore:INFO: Results in /mcore_eoy3_a11
2022-07-08 09:33:26,353: [1218] m.main:INFO: Registered plugins: DetectDelegatecall, DetectUninitializedMemory, DetectInvalid, DetectUnusedRetVal, DetectReentrancySimple, DetectIntegerOverflow, DetectSuicidal, DetectExternalCallAndLeak, DetectUninitializedStorage, DetectEnvInstruction, DetectReentrancyAdvanced
2022-07-08 09:33:26,354: [1218] m.main:INFO: Beginning analysis
2022-07-08 09:33:26,363: [1218] m.e.manticore:INFO: Starting symbolic create contract
2022-07-08 09:33:26,374: [1218] m.e.manticore:ERROR: Errors : Invalid solc compilation Invalid option to --combined-json: compact-format

. Solidity failed to generate bytecode for your contract. Check if all the abstract functions are implemented. 
2022-07-08 09:33:26,436: [1260] m.c.manticore:INFO: Generated testcase No. 0 - NO STATE RESULT (?)(0 txs)
2022-07-08 09:33:26,564: [1218] m.c.manticore:INFO: Results in /mcore_9trocbqj
2022-07-08 09:33:27,020: [1519] m.main:INFO: Registered plugins: DetectDelegatecall, DetectReentrancySimple, DetectInvalid, DetectUnusedRetVal, DetectReentrancyAdvanced, DetectUninitializedStorage, DetectIntegerOverflow, DetectSuicidal, DetectExternalCallAndLeak, DetectEnvInstruction, DetectUninitializedMemory
2022-07-08 09:33:27,020: [1519] m.main:INFO: Beginning analysis
2022-07-08 09:33:27,032: [1519] m.e.manticore:INFO: Starting symbolic create contract
2022-07-08 09:33:27,042: [1519] m.e.manticore:ERROR: Errors : Invalid solc compilation Invalid option to --combined-json: compact-format

. Solidity failed to generate bytecode for your contract. Check if all the abstract functions are implemented. 
2022-07-08 09:33:27,108: [1561] m.c.manticore:INFO: Generated testcase No. 0 - NO STATE RESULT (?)(0 txs)
2022-07-08 09:33:27,264: [1519] m.c.manticore:INFO: Results in /mcore_p41riug0
2022-07-08 09:33:27,741: [1820] m.main:INFO: Registered plugins: DetectReentrancySimple, DetectInvalid, DetectUnusedRetVal, DetectUninitializedStorage, DetectIntegerOverflow, DetectSuicidal, DetectExternalCallAndLeak, DetectReentrancyAdvanced, DetectEnvInstruction, DetectUninitializedMemory, DetectDelegatecall
2022-07-08 09:33:27,742: [1820] m.main:INFO: Beginning analysis
2022-07-08 09:33:27,751: [1820] m.e.manticore:INFO: Starting symbolic create contract
2022-07-08 09:33:27,761: [1820] m.e.manticore:ERROR: Errors : Invalid solc compilation Invalid option to --combined-json: compact-format

. Solidity failed to generate bytecode for your contract. Check if all the abstract functions are implemented. 
2022-07-08 09:33:27,798: [1862] m.c.manticore:INFO: Generated testcase No. 0 - NO STATE RESULT (?)(0 txs)
2022-07-08 09:33:27,954: [1820] m.c.manticore:INFO: Results in /mcore_9mzoyzon
2022-07-08 09:33:28,402: [2121] m.main:INFO: Registered plugins: DetectReentrancySimple, DetectInvalid, DetectSuicidal, DetectReentrancyAdvanced, DetectUninitializedStorage, DetectIntegerOverflow, DetectDelegatecall, DetectEnvInstruction, DetectUnusedRetVal, DetectUninitializedMemory, DetectExternalCallAndLeak
2022-07-08 09:33:28,402: [2121] m.main:INFO: Beginning analysis
2022-07-08 09:33:28,412: [2121] m.e.manticore:INFO: Starting symbolic create contract
2022-07-08 09:33:28,422: [2121] m.e.manticore:ERROR: Errors : Invalid solc compilation Invalid option to --combined-json: compact-format

. Solidity failed to generate bytecode for your contract. Check if all the abstract functions are implemented. 
2022-07-08 09:33:28,489: [2163] m.c.manticore:INFO: Generated testcase No. 0 - NO STATE RESULT (?)(0 txs)
2022-07-08 09:33:28,621: [2121] m.c.manticore:INFO: Results in /mcore_wab_6gqn
2022-07-08 09:33:29,079: [2422] m.main:INFO: Registered plugins: DetectReentrancySimple, DetectInvalid, DetectUnusedRetVal, DetectReentrancyAdvanced, DetectDelegatecall, DetectUninitializedStorage, DetectEnvInstruction, DetectSuicidal, DetectIntegerOverflow, DetectUninitializedMemory, DetectExternalCallAndLeak
2022-07-08 09:33:29,080: [2422] m.main:INFO: Beginning analysis
2022-07-08 09:33:29,090: [2422] m.e.manticore:INFO: Starting symbolic create contract
2022-07-08 09:33:29,100: [2422] m.e.manticore:ERROR: Errors : Invalid solc compilation Invalid option to --combined-json: compact-format

. Solidity failed to generate bytecode for your contract. Check if all the abstract functions are implemented. 
2022-07-08 09:33:29,162: [2464] m.c.manticore:INFO: Generated testcase No. 0 - NO STATE RESULT (?)(0 txs)
2022-07-08 09:33:29,294: [2422] m.c.manticore:INFO: Results in /mcore_5a5gralg
2022-07-08 09:33:29,778: [2723] m.main:INFO: Registered plugins: DetectDelegatecall, DetectReentrancySimple, DetectInvalid, DetectUnusedRetVal, DetectReentrancyAdvanced, DetectUninitializedStorage, DetectIntegerOverflow, DetectSuicidal, DetectExternalCallAndLeak, DetectEnvInstruction, DetectUninitializedMemory
2022-07-08 09:33:29,778: [2723] m.main:INFO: Beginning analysis
2022-07-08 09:33:29,787: [2723] m.e.manticore:INFO: Starting symbolic create contract
2022-07-08 09:33:29,797: [2723] m.e.manticore:ERROR: Errors : Invalid solc compilation Invalid option to --combined-json: compact-format

. Solidity failed to generate bytecode for your contract. Check if all the abstract functions are implemented. 
2022-07-08 09:33:29,858: [2765] m.c.manticore:INFO: Generated testcase No. 0 - NO STATE RESULT (?)(0 txs)
2022-07-08 09:33:29,987: [2723] m.c.manticore:INFO: Results in /mcore_g1whra2b
2022-07-08 09:33:30,453: [3024] m.main:INFO: Registered plugins: DetectReentrancySimple, DetectInvalid, DetectSuicidal, DetectUnusedRetVal, DetectUninitializedMemory, DetectEnvInstruction, DetectDelegatecall, DetectReentrancyAdvanced, DetectExternalCallAndLeak, DetectIntegerOverflow, DetectUninitializedStorage
2022-07-08 09:33:30,453: [3024] m.main:INFO: Beginning analysis
2022-07-08 09:33:30,466: [3024] m.e.manticore:INFO: Starting symbolic create contract
2022-07-08 09:33:30,477: [3024] m.e.manticore:ERROR: Errors : Invalid solc compilation Invalid option to --combined-json: compact-format

. Solidity failed to generate bytecode for your contract. Check if all the abstract functions are implemented. 
2022-07-08 09:33:30,542: [3066] m.c.manticore:INFO: Generated testcase No. 0 - NO STATE RESULT (?)(0 txs)
2022-07-08 09:33:30,690: [3024] m.c.manticore:INFO: Results in /mcore_7o_9j3l1
2022-07-08 09:33:31,147: [3325] m.main:INFO: Registered plugins: DetectReentrancyAdvanced, DetectReentrancySimple, DetectInvalid, DetectUnusedRetVal, DetectEnvInstruction, DetectUninitializedStorage, DetectIntegerOverflow, DetectSuicidal, DetectExternalCallAndLeak, DetectUninitializedMemory, DetectDelegatecall
2022-07-08 09:33:31,148: [3325] m.main:INFO: Beginning analysis
2022-07-08 09:33:31,157: [3325] m.e.manticore:INFO: Starting symbolic create contract
2022-07-08 09:33:31,168: [3325] m.e.manticore:ERROR: Errors : Invalid solc compilation Invalid option to --combined-json: compact-format

. Solidity failed to generate bytecode for your contract. Check if all the abstract functions are implemented. 
2022-07-08 09:33:31,241: [3367] m.c.manticore:INFO: Generated testcase No. 0 - NO STATE RESULT (?)(0 txs)
2022-07-08 09:33:31,378: [3325] m.c.manticore:INFO: Results in /mcore_vq5m13b0
2022-07-08 09:33:31,844: [3626] m.main:INFO: Registered plugins: DetectExternalCallAndLeak, DetectUninitializedMemory, DetectReentrancySimple, DetectInvalid, DetectSuicidal, DetectReentrancyAdvanced, DetectIntegerOverflow, DetectDelegatecall, DetectEnvInstruction, DetectUninitializedStorage, DetectUnusedRetVal
2022-07-08 09:33:31,845: [3626] m.main:INFO: Beginning analysis
2022-07-08 09:33:31,854: [3626] m.e.manticore:INFO: Starting symbolic create contract
2022-07-08 09:33:31,865: [3626] m.e.manticore:ERROR: Errors : Invalid solc compilation Invalid option to --combined-json: compact-format

. Solidity failed to generate bytecode for your contract. Check if all the abstract functions are implemented. 
2022-07-08 09:33:31,889: [3669] m.c.manticore:INFO: Generated testcase No. 0 - NO STATE RESULT (?)(0 txs)
2022-07-08 09:33:32,061: [3626] m.c.manticore:INFO: Results in /mcore_efbz6m5v
usage: manticore [-h] [--compile-force-framework COMPILE_FORCE_FRAMEWORK]
                 [--compile-remove-metadata]
                 [--compile-custom-build COMPILE_CUSTOM_BUILD] [--solc SOLC]
                 [--solc-remaps SOLC_REMAPS] [--solc-args SOLC_ARGS]
                 [--solc-disable-warnings]
                 [--solc-working-dir SOLC_WORKING_DIR]
                 [--solc-solcs-select SOLC_SOLCS_SELECT]
                 [--solc-solcs-bin SOLC_SOLCS_BIN] [--truffle-ignore-compile]
                 [--truffle-build-directory TRUFFLE_BUILD_DIRECTORY]
                 [--truffle-version TRUFFLE_VERSION] [--embark-ignore-compile]
                 [--embark-overwrite-config] [--dapp-ignore-compile]
                 [--etherlime-ignore-compile] [--etherlime-compile-arguments]
                 [--coverage COVERAGE] [--no-colors] [--policy POLICY] [-v]
                 [--workspace WORKSPACE] [--version] [--config CONFIG]
                 [--entrysymbol ENTRYSYMBOL] [--data DATA] [--file FILES]
                 [--env ENV] [--pure-symbolic] [--verbose-trace]
                 [--txlimit TXLIMIT] [--txnocoverage] [--txnoether]
                 [--txaccount TXACCOUNT] [--txpreconstrain]
                 [--contract CONTRACT] [--list-detectors]
                 [--exclude DETECTORS_TO_EXCLUDE] [--exclude-all]
                 [--avoid-constant] [--limit-loops] [--no-testcases]
                 [--smt.timeout SMT.TIMEOUT] [--smt.memory SMT.MEMORY]
                 [--smt.maxsolutions SMT.MAXSOLUTIONS]
                 [--smt.z3_bin SMT.Z3_BIN]
                 [--smt.defaultunsat SMT.DEFAULTUNSAT]
                 [--workspace.prefix WORKSPACE.PREFIX]
                 [--workspace.dir WORKSPACE.DIR] [--core.timeout CORE.TIMEOUT]
                 [--core.cluster CORE.CLUSTER] [--core.procs CORE.PROCS]
                 [--core.mprocessing CORE.MPROCESSING] [--evm.oog EVM.OOG]
                 [--evm.defaultgas EVM.DEFAULTGAS] [--cli.profile CLI.PROFILE]
                 [--main.recursionlimit MAIN.RECURSIONLIMIT]
                 [--native.stdin_size NATIVE.STDIN_SIZE]
                 [argv [argv ...]]
manticore: error: argument --contract: expected one argument
mv: cannot stat '/mcore_*': No such file or directory
2022-07-08 09:33:32,933: [3933] m.main:INFO: Registered plugins: DetectUnusedRetVal, DetectReentrancySimple, DetectInvalid, DetectDelegatecall, DetectExternalCallAndLeak, DetectSuicidal, DetectUninitializedStorage, DetectIntegerOverflow, DetectEnvInstruction, DetectReentrancyAdvanced, DetectUninitializedMemory
2022-07-08 09:33:32,934: [3933] m.main:INFO: Beginning analysis
2022-07-08 09:33:32,944: [3933] m.e.manticore:INFO: Starting symbolic create contract
2022-07-08 09:33:32,955: [3933] m.e.manticore:ERROR: Errors : Invalid solc compilation Invalid option to --combined-json: compact-format

. Solidity failed to generate bytecode for your contract. Check if all the abstract functions are implemented. 
2022-07-08 09:33:33,025: [3976] m.c.manticore:INFO: Generated testcase No. 0 - NO STATE RESULT (?)(0 txs)
2022-07-08 09:33:33,178: [3933] m.c.manticore:INFO: Results in /mcore_lsj01u6l
2022-07-08 09:33:33,637: [4234] m.main:INFO: Registered plugins: DetectInvalid, DetectUnusedRetVal, DetectReentrancySimple, DetectExternalCallAndLeak, DetectSuicidal, DetectUninitializedStorage, DetectDelegatecall, DetectEnvInstruction, DetectReentrancyAdvanced, DetectUninitializedMemory, DetectIntegerOverflow
2022-07-08 09:33:33,638: [4234] m.main:INFO: Beginning analysis
2022-07-08 09:33:33,648: [4234] m.e.manticore:INFO: Starting symbolic create contract
2022-07-08 09:33:33,658: [4234] m.e.manticore:ERROR: Errors : Invalid solc compilation Invalid option to --combined-json: compact-format

. Solidity failed to generate bytecode for your contract. Check if all the abstract functions are implemented. 
2022-07-08 09:33:33,728: [4276] m.c.manticore:INFO: Generated testcase No. 0 - NO STATE RESULT (?)(0 txs)
2022-07-08 09:33:33,861: [4234] m.c.manticore:INFO: Results in /mcore_gq9qhz1g
2022-07-08 09:33:34,335: [4535] m.main:INFO: Registered plugins: DetectReentrancySimple, DetectInvalid, DetectSuicidal, DetectUninitializedStorage, DetectDelegatecall, DetectEnvInstruction, DetectUnusedRetVal, DetectUninitializedMemory, DetectReentrancyAdvanced, DetectExternalCallAndLeak, DetectIntegerOverflow
2022-07-08 09:33:34,336: [4535] m.main:INFO: Beginning analysis
2022-07-08 09:33:34,345: [4535] m.e.manticore:INFO: Starting symbolic create contract
2022-07-08 09:33:34,356: [4535] m.e.manticore:ERROR: Errors : Invalid solc compilation Invalid option to --combined-json: compact-format

. Solidity failed to generate bytecode for your contract. Check if all the abstract functions are implemented. 
2022-07-08 09:33:34,421: [4577] m.c.manticore:INFO: Generated testcase No. 0 - NO STATE RESULT (?)(0 txs)
2022-07-08 09:33:34,556: [4535] m.c.manticore:INFO: Results in /mcore_mo2vw33p
2022-07-08 09:33:35,014: [4836] m.main:INFO: Registered plugins: DetectReentrancyAdvanced, DetectInvalid, DetectSuicidal, DetectUninitializedStorage, DetectIntegerOverflow, DetectDelegatecall, DetectEnvInstruction, DetectUninitializedMemory, DetectUnusedRetVal, DetectExternalCallAndLeak, DetectReentrancySimple
2022-07-08 09:33:35,014: [4836] m.main:INFO: Beginning analysis
2022-07-08 09:33:35,023: [4836] m.e.manticore:INFO: Starting symbolic create contract
2022-07-08 09:33:35,034: [4836] m.e.manticore:ERROR: Errors : Invalid solc compilation Invalid option to --combined-json: compact-format

. Solidity failed to generate bytecode for your contract. Check if all the abstract functions are implemented. 
2022-07-08 09:33:35,093: [4879] m.c.manticore:INFO: Generated testcase No. 0 - NO STATE RESULT (?)(0 txs)
2022-07-08 09:33:35,228: [4836] m.c.manticore:INFO: Results in /mcore_wfhssjm9
2022-07-08 09:33:35,713: [5137] m.main:INFO: Registered plugins: DetectReentrancySimple, DetectInvalid, DetectUnusedRetVal, DetectUninitializedStorage, DetectSuicidal, DetectExternalCallAndLeak, DetectEnvInstruction, DetectIntegerOverflow, DetectUninitializedMemory, DetectReentrancyAdvanced, DetectDelegatecall
2022-07-08 09:33:35,713: [5137] m.main:INFO: Beginning analysis
2022-07-08 09:33:35,723: [5137] m.e.manticore:INFO: Starting symbolic create contract
2022-07-08 09:33:35,733: [5137] m.e.manticore:ERROR: Errors : Invalid solc compilation Invalid option to --combined-json: compact-format

. Solidity failed to generate bytecode for your contract. Check if all the abstract functions are implemented. 
2022-07-08 09:33:35,800: [5179] m.c.manticore:INFO: Generated testcase No. 0 - NO STATE RESULT (?)(0 txs)
2022-07-08 09:33:35,952: [5137] m.c.manticore:INFO: Results in /mcore_f2hfk1yn
2022-07-08 09:33:36,396: [5438] m.main:INFO: Registered plugins: DetectReentrancySimple, DetectInvalid, DetectReentrancyAdvanced, DetectUninitializedMemory, DetectDelegatecall, DetectExternalCallAndLeak, DetectEnvInstruction, DetectIntegerOverflow, DetectSuicidal, DetectUninitializedStorage, DetectUnusedRetVal
2022-07-08 09:33:36,397: [5438] m.main:INFO: Beginning analysis
2022-07-08 09:33:36,408: [5438] m.e.manticore:INFO: Starting symbolic create contract
2022-07-08 09:33:36,418: [5438] m.e.manticore:ERROR: Errors : Invalid solc compilation Invalid option to --combined-json: compact-format

. Solidity failed to generate bytecode for your contract. Check if all the abstract functions are implemented. 
2022-07-08 09:33:36,493: [5480] m.c.manticore:INFO: Generated testcase No. 0 - NO STATE RESULT (?)(0 txs)
2022-07-08 09:33:36,624: [5438] m.c.manticore:INFO: Results in /mcore_y0613xf6
2022-07-08 09:33:37,093: [5739] m.main:INFO: Registered plugins: DetectReentrancySimple, DetectInvalid, DetectExternalCallAndLeak, DetectUninitializedStorage, DetectIntegerOverflow, DetectEnvInstruction, DetectSuicidal, DetectDelegatecall, DetectReentrancyAdvanced, DetectUninitializedMemory, DetectUnusedRetVal
2022-07-08 09:33:37,093: [5739] m.main:INFO: Beginning analysis
2022-07-08 09:33:37,103: [5739] m.e.manticore:INFO: Starting symbolic create contract
2022-07-08 09:33:37,114: [5739] m.e.manticore:ERROR: Errors : Invalid solc compilation Invalid option to --combined-json: compact-format

. Solidity failed to generate bytecode for your contract. Check if all the abstract functions are implemented. 
2022-07-08 09:33:37,181: [5781] m.c.manticore:INFO: Generated testcase No. 0 - NO STATE RESULT (?)(0 txs)
2022-07-08 09:33:37,336: [5739] m.c.manticore:INFO: Results in /mcore_ob4i0g1z
2022-07-08 09:33:37,787: [6040] m.main:INFO: Registered plugins: DetectUnusedRetVal, DetectInvalid, DetectSuicidal, DetectUninitializedStorage, DetectReentrancyAdvanced, DetectEnvInstruction, DetectDelegatecall, DetectIntegerOverflow, DetectReentrancySimple, DetectUninitializedMemory, DetectExternalCallAndLeak
2022-07-08 09:33:37,787: [6040] m.main:INFO: Beginning analysis
2022-07-08 09:33:37,797: [6040] m.e.manticore:INFO: Starting symbolic create contract
2022-07-08 09:33:37,808: [6040] m.e.manticore:ERROR: Errors : Invalid solc compilation Invalid option to --combined-json: compact-format

. Solidity failed to generate bytecode for your contract. Check if all the abstract functions are implemented. 
2022-07-08 09:33:37,880: [6082] m.c.manticore:INFO: Generated testcase No. 0 - NO STATE RESULT (?)(0 txs)
2022-07-08 09:33:38,011: [6040] m.c.manticore:INFO: Results in /mcore_las0082a