INFO:Slither:Compilation warnings/errors on /data/HypePool.sol:
[91mError: Source "@openzeppelin/contracts-upgradeable/security/PausableUpgradeable.sol" not found: File not found. Searched the following locations: "".[0m
 --> /data/HypePool.sol:4:1:
  |
4 | import "@openzeppelin/contracts-upgradeable/security/PausableUpgradeable.sol";
  | ^^^^^^^^^^^^^^^^^^^^^^^^^^^^^^^^^^^^^^^^^^^^^^^^^^^^^^^^^^^^^^^^^^^^^^^^^^^^^^

[91mError: Source "@openzeppelin/contracts-upgradeable/access/OwnableUpgradeable.sol" not found: File not found. Searched the following locations: "".[0m
 --> /data/HypePool.sol:5:1:
  |
5 | import "@openzeppelin/contracts-upgradeable/access/OwnableUpgradeable.sol";
  | ^^^^^^^^^^^^^^^^^^^^^^^^^^^^^^^^^^^^^^^^^^^^^^^^^^^^^^^^^^^^^^^^^^^^^^^^^^^

[91mError: Source "@openzeppelin/contracts-upgradeable/proxy/utils/Initializable.sol" not found: File not found. Searched the following locations: "".[0m
 --> /data/HypePool.sol:6:1:
  |
6 | import "@openzeppelin/contracts-upgradeable/proxy/utils/Initializable.sol";
  | ^^^^^^^^^^^^^^^^^^^^^^^^^^^^^^^^^^^^^^^^^^^^^^^^^^^^^^^^^^^^^^^^^^^^^^^^^^^

[91mError: Source "@openzeppelin/contracts-upgradeable/utils/CountersUpgradeable.sol" not found: File not found. Searched the following locations: "".[0m
 --> /data/HypePool.sol:7:1:
  |
7 | import "@openzeppelin/contracts-upgradeable/utils/CountersUpgradeable.sol";
  | ^^^^^^^^^^^^^^^^^^^^^^^^^^^^^^^^^^^^^^^^^^^^^^^^^^^^^^^^^^^^^^^^^^^^^^^^^^^

[91mError: Source "/data/interfaces/IHypePool.sol" not found: File not found. Searched the following locations: "".[0m
 --> /data/HypePool.sol:9:1:
  |
9 | import "./interfaces/IHypePool.sol";
  | ^^^^^^^^^^^^^^^^^^^^^^^^^^^^^^^^^^^^

[91mError: Source "/data/interfaces/IEscrow.sol" not found: File not found. Searched the following locations: "".[0m
  --> /data/HypePool.sol:11:1:
   |
11 | import "./interfaces/IEscrow.sol";
   | ^^^^^^^^^^^^^^^^^^^^^^^^^^^^^^^^^^


INFO:SlitherSolcParsing:No contract were found in /data/HypePool.sol, check the correct compilation
WARNING:Slither:[91mNo contract was analyzed[0m
INFO:Slither:/data/HypePool.sol analyzed (0 contracts), 0 result(s) found