line 138:12 extraneous input 'payable' expecting {'~', 'from', '{', '}', '(', 'for', 'function', '[', 'address', 'mapping', 'calldata', 'if', 'while', 'assembly', 'do', 'return', 'throw', 'emit', 'var', 'bool', 'string', 'byte', '++', '--', 'new', '+', '-', 'after', 'delete', '!', Int, Uint, Byte, Fixed, Ufixed, BooleanLiteral, DecimalNumber, HexNumber, HexLiteral, 'break', 'continue', Identifier, StringLiteral}
Traceback (most recent call last):
  File "conkas.py", line 137, in <module>
    main()
  File "conkas.py", line 88, in main
    contracts = compile_files([filename])
  File "/usr/local/lib/python3.8/dist-packages/solcx/main.py", line 118, in compile_files
    stdoutdata, stderrdata, command, proc = solc_wrapper(**compiler_kwargs)
  File "/usr/local/lib/python3.8/dist-packages/solcx/utils/string.py", line 78, in inner
    return force_obj_to_text(fn(*args, **kwargs))
  File "/usr/local/lib/python3.8/dist-packages/solcx/wrapper.py", line 187, in solc_wrapper
    raise SolcError(
solcx.exceptions.SolcError: An error occurred during execution
        > command: `/root/.solcx/solc-v0.8.14 --combined-json abi,asm,ast,bin,bin-runtime,devdoc,opcodes,userdoc /data/DynamicEscrow.sol`
        > return code: `1`
        > stderr:

        > stdout:
        Error: Source "@openzeppelin/contracts-upgradeable/security/ReentrancyGuardUpgradeable.sol" not found: File not found. Searched the following locations: "".
 --> /data/DynamicEscrow.sol:4:1:
  |
4 | import "@openzeppelin/contracts-upgradeable/security/ReentrancyGuardUpgradeable.sol";
  | ^^^^^^^^^^^^^^^^^^^^^^^^^^^^^^^^^^^^^^^^^^^^^^^^^^^^^^^^^^^^^^^^^^^^^^^^^^^^^^^^^^^^^

Error: Source "@openzeppelin/contracts-upgradeable/token/ERC20/ERC20Upgradeable.sol" not found: File not found. Searched the following locations: "".
 --> /data/DynamicEscrow.sol:5:1:
  |
5 | import "@openzeppelin/contracts-upgradeable/token/ERC20/ERC20Upgradeable.sol";
  | ^^^^^^^^^^^^^^^^^^^^^^^^^^^^^^^^^^^^^^^^^^^^^^^^^^^^^^^^^^^^^^^^^^^^^^^^^^^^^^

Error: Source "@openzeppelin/contracts-upgradeable/token/ERC20/utils/SafeERC20Upgradeable.sol" not found: File not found. Searched the following locations: "".
 --> /data/DynamicEscrow.sol:6:1:
  |
6 | import "@openzeppelin/contracts-upgradeable/token/ERC20/utils/SafeERC20Upgradeable.sol";
  | ^^^^^^^^^^^^^^^^^^^^^^^^^^^^^^^^^^^^^^^^^^^^^^^^^^^^^^^^^^^^^^^^^^^^^^^^^^^^^^^^^^^^^^^^

Error: Source "@openzeppelin/contracts-upgradeable/access/OwnableUpgradeable.sol" not found: File not found. Searched the following locations: "".
 --> /data/DynamicEscrow.sol:7:1:
  |
7 | import "@openzeppelin/contracts-upgradeable/access/OwnableUpgradeable.sol";
  | ^^^^^^^^^^^^^^^^^^^^^^^^^^^^^^^^^^^^^^^^^^^^^^^^^^^^^^^^^^^^^^^^^^^^^^^^^^^

Error: Source "@openzeppelin/contracts-upgradeable/utils/AddressUpgradeable.sol" not found: File not found. Searched the following locations: "".
 --> /data/DynamicEscrow.sol:8:1:
  |
8 | import "@openzeppelin/contracts-upgradeable/utils/AddressUpgradeable.sol";
  | ^^^^^^^^^^^^^^^^^^^^^^^^^^^^^^^^^^^^^^^^^^^^^^^^^^^^^^^^^^^^^^^^^^^^^^^^^^

Error: Source "@openzeppelin/contracts-upgradeable/proxy/utils/Initializable.sol" not found: File not found. Searched the following locations: "".
 --> /data/DynamicEscrow.sol:9:1:
  |
9 | import "@openzeppelin/contracts-upgradeable/proxy/utils/Initializable.sol";
  | ^^^^^^^^^^^^^^^^^^^^^^^^^^^^^^^^^^^^^^^^^^^^^^^^^^^^^^^^^^^^^^^^^^^^^^^^^^^

Error: Source "hardhat/console.sol" not found: File not found. Searched the following locations: "".
  --> /data/DynamicEscrow.sol:10:1:
   |
10 | import "hardhat/console.sol";
   | ^^^^^^^^^^^^^^^^^^^^^^^^^^^^^

Error: Source "/data/interfaces/IEscrow.sol" not found: File not found. Searched the following locations: "".
  --> /data/DynamicEscrow.sol:12:1:
   |
12 | import "./interfaces/IEscrow.sol";
   | ^^^^^^^^^^^^^^^^^^^^^^^^^^^^^^^^^^