Arguments passed: ['smartBugs.py', '--tool', 'all', '--file', '/home/runner/work/hype/hype/packages/contracts/contracts/interfaces/IHypePool.sol']
[1/11] /home/runner/work/hype/hype/packages/contracts/contracts/interfaces/IHypePool.sol [securify] in 0:00:01
[2/11] /home/runner/work/hype/hype/packages/contracts/contracts/interfaces/IHypePool.sol [maian] in 0:00:00
Solc experienced a fatal error. Check the results file for more info
osiris, /home/runner/work/hype/hype/packages/contracts/contracts/interfaces/IHypePool.sol
[3/11] /home/runner/work/hype/hype/packages/contracts/contracts/interfaces/IHypePool.sol [osiris] in 0:00:01
Solc experienced a fatal error. Check the results file for more info
honeybadger, /home/runner/work/hype/hype/packages/contracts/contracts/interfaces/IHypePool.sol
[4/11] /home/runner/work/hype/hype/packages/contracts/contracts/interfaces/IHypePool.sol [honeybadger] in 0:00:01
[5/11] /home/runner/work/hype/hype/packages/contracts/contracts/interfaces/IHypePool.sol [conkas] in 0:00:02
[6/11] /home/runner/work/hype/hype/packages/contracts/contracts/interfaces/IHypePool.sol [smartcheck] in 0:00:02
[7/11] /home/runner/work/hype/hype/packages/contracts/contracts/interfaces/IHypePool.sol [solhint] in 0:00:01
[8/11] /home/runner/work/hype/hype/packages/contracts/contracts/interfaces/IHypePool.sol [manticore] in 0:00:01
[9/11] /home/runner/work/hype/hype/packages/contracts/contracts/interfaces/IHypePool.sol [mythril] in 0:00:01
slither, /home/runner/work/hype/hype/packages/contracts/contracts/interfaces/IHypePool.sol: Failing to copy /output.json from container to None.
404 Client Error for http+docker://localhost/v1.41/containers/c0883d10b44c85617923de46f78636d0fd4b7b9864fccc09687ff44e9cc0dca0/archive?path=%2Foutput.json: Not Found ("Could not find the file /output.json in container c0883d10b44c85617923de46f78636d0fd4b7b9864fccc09687ff44e9cc0dca0")
[10/11] /home/runner/work/hype/hype/packages/contracts/contracts/interfaces/IHypePool.sol [slither] in 0:00:01
Solc experienced a fatal error. Check the results file for more info
oyente, /home/runner/work/hype/hype/packages/contracts/contracts/interfaces/IHypePool.sol
[11/11] /home/runner/work/hype/hype/packages/contracts/contracts/interfaces/IHypePool.sol [oyente] in 0:00:01
Analysis completed. 
It took 0:00:11 to analyse all files.
