Arguments passed: ['smartBugs.py', '--tool', 'all', '--file', '/home/runner/work/hype/hype/contracts/services/contracts/contracts/ERC20Base.sol']
Pulling image christoftorres/honeybadger, this may take a while ...
Image christoftorres/honeybadger pulled
Pulling image qspprotocol/mythril-usolc, this may take a while ...
Image qspprotocol/mythril-usolc pulled
Pulling image nveloso/conkas, this may take a while ...
Image nveloso/conkas pulled
Pulling image christoftorres/osiris, this may take a while ...
Image christoftorres/osiris pulled
Pulling image smartbugs/maian:solc5.10, this may take a while ...
Image smartbugs/maian:solc5.10 pulled
Pulling image smartbugs/smartcheck, this may take a while ...
Image smartbugs/smartcheck pulled
Pulling image qspprotocol/oyente-0.4.25, this may take a while ...
Image qspprotocol/oyente-0.4.25 pulled
Pulling image qspprotocol/securify-usolc, this may take a while ...
Image qspprotocol/securify-usolc pulled
Pulling image trailofbits/slither, this may take a while ...
Image trailofbits/slither pulled
Pulling image smartbugs/manticore, this may take a while ...
Image smartbugs/manticore pulled
Pulling image smartbugs/solhint, this may take a while ...
Image smartbugs/solhint pulled
Analysis completed. 
It took 0:04:34 to analyse all files.
