Arguments passed: ['smartBugs.py', '--tool', 'all', '--file', '/home/runner/work/hype/hype/services/contracts/contracts/DynamicEscrow.sol']
Solc experienced a fatal error. Check the results file for more info
honeybadger, /home/runner/work/hype/hype/services/contracts/contracts/DynamicEscrow.sol
[1/11] /home/runner/work/hype/hype/services/contracts/contracts/DynamicEscrow.sol [honeybadger] in 0:00:01
Solc experienced a fatal error. Check the results file for more info
mythril, /home/runner/work/hype/hype/services/contracts/contracts/DynamicEscrow.sol
[2/11] /home/runner/work/hype/hype/services/contracts/contracts/DynamicEscrow.sol [mythril] in 0:00:01
Error parsing output of securify for file /home/runner/work/hype/hype/services/contracts/contracts/DynamicEscrow.sol
"filename 'results/live.json' not found"
[3/11] /home/runner/work/hype/hype/services/contracts/contracts/DynamicEscrow.sol [securify] in 0:00:01
Solc experienced a fatal error. Check the results file for more info
oyente, /home/runner/work/hype/hype/services/contracts/contracts/DynamicEscrow.sol
[4/11] /home/runner/work/hype/hype/services/contracts/contracts/DynamicEscrow.sol [oyente] in 0:00:01
[5/11] /home/runner/work/hype/hype/services/contracts/contracts/DynamicEscrow.sol [slither] in 0:00:01
[6/11] /home/runner/work/hype/hype/services/contracts/contracts/DynamicEscrow.sol [conkas] in 0:00:02
[7/11] /home/runner/work/hype/hype/services/contracts/contracts/DynamicEscrow.sol [solhint] in 0:00:01
[8/11] /home/runner/work/hype/hype/services/contracts/contracts/DynamicEscrow.sol [smartcheck] in 0:00:03
Solc experienced a fatal error. Check the results file for more info
osiris, /home/runner/work/hype/hype/services/contracts/contracts/DynamicEscrow.sol
[9/11] /home/runner/work/hype/hype/services/contracts/contracts/DynamicEscrow.sol [osiris] in 0:00:01
[10/11] /home/runner/work/hype/hype/services/contracts/contracts/DynamicEscrow.sol [manticore] in 0:00:15
[11/11] /home/runner/work/hype/hype/services/contracts/contracts/DynamicEscrow.sol [maian] in 0:01:12
Analysis completed. 
It took 0:01:41 to analyse all files.
