Arguments passed: ['smartBugs.py', '--tool', 'all', '--file', '/home/runner/work/hype/hype/services/contracts/contracts/HypePool.sol']
[1/11] /home/runner/work/hype/hype/services/contracts/contracts/HypePool.sol [solhint] in 0:00:01
Solc experienced a fatal error. Check the results file for more info
oyente, /home/runner/work/hype/hype/services/contracts/contracts/HypePool.sol
[2/11] /home/runner/work/hype/hype/services/contracts/contracts/HypePool.sol [oyente] in 0:00:01
[3/11] /home/runner/work/hype/hype/services/contracts/contracts/HypePool.sol [manticore] in 0:00:16
[4/11] /home/runner/work/hype/hype/services/contracts/contracts/HypePool.sol [smartcheck] in 0:00:03
Solc experienced a fatal error. Check the results file for more info
osiris, /home/runner/work/hype/hype/services/contracts/contracts/HypePool.sol
[5/11] /home/runner/work/hype/hype/services/contracts/contracts/HypePool.sol [osiris] in 0:00:01
Error parsing output of securify for file /home/runner/work/hype/hype/services/contracts/contracts/HypePool.sol
"filename 'results/live.json' not found"
[6/11] /home/runner/work/hype/hype/services/contracts/contracts/HypePool.sol [securify] in 0:00:01
Solc experienced a fatal error. Check the results file for more info
honeybadger, /home/runner/work/hype/hype/services/contracts/contracts/HypePool.sol
[7/11] /home/runner/work/hype/hype/services/contracts/contracts/HypePool.sol [honeybadger] in 0:00:01
[8/11] /home/runner/work/hype/hype/services/contracts/contracts/HypePool.sol [conkas] in 0:00:02
Solc experienced a fatal error. Check the results file for more info
mythril, /home/runner/work/hype/hype/services/contracts/contracts/HypePool.sol
[9/11] /home/runner/work/hype/hype/services/contracts/contracts/HypePool.sol [mythril] in 0:00:02
[10/11] /home/runner/work/hype/hype/services/contracts/contracts/HypePool.sol [slither] in 0:00:01
[11/11] /home/runner/work/hype/hype/services/contracts/contracts/HypePool.sol [maian] in 0:01:20
Analysis completed. 
It took 0:01:49 to analyse all files.
