INFO:Slither:Compilation warnings/errors on /data/DynamicEscrow.sol:
[91mError: Source "@openzeppelin/contracts-upgradeable/security/ReentrancyGuardUpgradeable.sol" not found: File not found. Searched the following locations: "".[0m
 --> /data/DynamicEscrow.sol:4:1:
  |
4 | import "@openzeppelin/contracts-upgradeable/security/ReentrancyGuardUpgradeable.sol";
  | ^^^^^^^^^^^^^^^^^^^^^^^^^^^^^^^^^^^^^^^^^^^^^^^^^^^^^^^^^^^^^^^^^^^^^^^^^^^^^^^^^^^^^

[91mError: Source "@openzeppelin/contracts-upgradeable/token/ERC20/ERC20Upgradeable.sol" not found: File not found. Searched the following locations: "".[0m
 --> /data/DynamicEscrow.sol:5:1:
  |
5 | import "@openzeppelin/contracts-upgradeable/token/ERC20/ERC20Upgradeable.sol";
  | ^^^^^^^^^^^^^^^^^^^^^^^^^^^^^^^^^^^^^^^^^^^^^^^^^^^^^^^^^^^^^^^^^^^^^^^^^^^^^^

[91mError: Source "@openzeppelin/contracts-upgradeable/token/ERC20/utils/SafeERC20Upgradeable.sol" not found: File not found. Searched the following locations: "".[0m
 --> /data/DynamicEscrow.sol:6:1:
  |
6 | import "@openzeppelin/contracts-upgradeable/token/ERC20/utils/SafeERC20Upgradeable.sol";
  | ^^^^^^^^^^^^^^^^^^^^^^^^^^^^^^^^^^^^^^^^^^^^^^^^^^^^^^^^^^^^^^^^^^^^^^^^^^^^^^^^^^^^^^^^

[91mError: Source "@openzeppelin/contracts-upgradeable/access/OwnableUpgradeable.sol" not found: File not found. Searched the following locations: "".[0m
 --> /data/DynamicEscrow.sol:7:1:
  |
7 | import "@openzeppelin/contracts-upgradeable/access/OwnableUpgradeable.sol";
  | ^^^^^^^^^^^^^^^^^^^^^^^^^^^^^^^^^^^^^^^^^^^^^^^^^^^^^^^^^^^^^^^^^^^^^^^^^^^

[91mError: Source "@openzeppelin/contracts-upgradeable/utils/AddressUpgradeable.sol" not found: File not found. Searched the following locations: "".[0m
 --> /data/DynamicEscrow.sol:8:1:
  |
8 | import "@openzeppelin/contracts-upgradeable/utils/AddressUpgradeable.sol";
  | ^^^^^^^^^^^^^^^^^^^^^^^^^^^^^^^^^^^^^^^^^^^^^^^^^^^^^^^^^^^^^^^^^^^^^^^^^^

[91mError: Source "@openzeppelin/contracts-upgradeable/proxy/utils/Initializable.sol" not found: File not found. Searched the following locations: "".[0m
 --> /data/DynamicEscrow.sol:9:1:
  |
9 | import "@openzeppelin/contracts-upgradeable/proxy/utils/Initializable.sol";
  | ^^^^^^^^^^^^^^^^^^^^^^^^^^^^^^^^^^^^^^^^^^^^^^^^^^^^^^^^^^^^^^^^^^^^^^^^^^^

[91mError: Source "hardhat/console.sol" not found: File not found. Searched the following locations: "".[0m
  --> /data/DynamicEscrow.sol:10:1:
   |
10 | import "hardhat/console.sol";
   | ^^^^^^^^^^^^^^^^^^^^^^^^^^^^^

[91mError: Source "/data/interfaces/IEscrow.sol" not found: File not found. Searched the following locations: "".[0m
  --> /data/DynamicEscrow.sol:12:1:
   |
12 | import "./interfaces/IEscrow.sol";
   | ^^^^^^^^^^^^^^^^^^^^^^^^^^^^^^^^^^


INFO:SlitherSolcParsing:No contract were found in /data/DynamicEscrow.sol, check the correct compilation
WARNING:Slither:[91mNo contract was analyzed[0m
INFO:Slither:/data/DynamicEscrow.sol analyzed (0 contracts), 0 result(s) found